<?xml version="1.0" encoding="UTF-8"?>
<testsuite xmlns:xsi="http://www.w3.org/2001/XMLSchema-instance" xsi:noNamespaceSchemaLocation="https://maven.apache.org/surefire/maven-surefire-plugin/xsd/surefire-test-report-3.0.xsd" version="3.0" name="TestSuite" time="8.906" tests="10" errors="0" skipped="0" failures="0">
  <properties>
    <property name="java.specification.version" value="21"/>
    <property name="sun.jnu.encoding" value="UTF-8"/>
    <property name="java.class.path" value="/Users/knakka/eclipse-workspace/FlyAway_Maven/target/test-classes:/Users/knakka/eclipse-workspace/FlyAway_Maven/target/classes:/Users/knakka/.m2/repository/org/seleniumhq/selenium/selenium-java/4.14.0/selenium-java-4.14.0.jar:/Users/knakka/.m2/repository/org/seleniumhq/selenium/selenium-chrome-driver/4.14.0/selenium-chrome-driver-4.14.0.jar:/Users/knakka/.m2/repository/com/google/auto/service/auto-service-annotations/1.1.1/auto-service-annotations-1.1.1.jar:/Users/knakka/.m2/repository/com/google/guava/guava/32.1.2-jre/guava-32.1.2-jre.jar:/Users/knakka/.m2/repository/com/google/guava/failureaccess/1.0.1/failureaccess-1.0.1.jar:/Users/knakka/.m2/repository/com/google/guava/listenablefuture/9999.0-empty-to-avoid-conflict-with-guava/listenablefuture-9999.0-empty-to-avoid-conflict-with-guava.jar:/Users/knakka/.m2/repository/com/google/code/findbugs/jsr305/3.0.2/jsr305-3.0.2.jar:/Users/knakka/.m2/repository/org/checkerframework/checker-qual/3.33.0/checker-qual-3.33.0.jar:/Users/knakka/.m2/repository/com/google/errorprone/error_prone_annotations/2.18.0/error_prone_annotations-2.18.0.jar:/Users/knakka/.m2/repository/com/google/j2objc/j2objc-annotations/2.8/j2objc-annotations-2.8.jar:/Users/knakka/.m2/repository/org/seleniumhq/selenium/selenium-chromium-driver/4.14.0/selenium-chromium-driver-4.14.0.jar:/Users/knakka/.m2/repository/org/seleniumhq/selenium/selenium-json/4.14.0/selenium-json-4.14.0.jar:/Users/knakka/.m2/repository/org/seleniumhq/selenium/selenium-manager/4.14.0/selenium-manager-4.14.0.jar:/Users/knakka/.m2/repository/org/seleniumhq/selenium/selenium-devtools-v116/4.14.0/selenium-devtools-v116-4.14.0.jar:/Users/knakka/.m2/repository/org/seleniumhq/selenium/selenium-devtools-v117/4.14.0/selenium-devtools-v117-4.14.0.jar:/Users/knakka/.m2/repository/org/seleniumhq/selenium/selenium-devtools-v118/4.14.0/selenium-devtools-v118-4.14.0.jar:/Users/knakka/.m2/repository/org/seleniumhq/selenium/selenium-devtools-v85/4.14.0/selenium-devtools-v85-4.14.0.jar:/Users/knakka/.m2/repository/org/seleniumhq/selenium/selenium-edge-driver/4.14.0/selenium-edge-driver-4.14.0.jar:/Users/knakka/.m2/repository/org/seleniumhq/selenium/selenium-firefox-driver/4.14.0/selenium-firefox-driver-4.14.0.jar:/Users/knakka/.m2/repository/org/seleniumhq/selenium/selenium-http/4.14.0/selenium-http-4.14.0.jar:/Users/knakka/.m2/repository/dev/failsafe/failsafe/3.3.2/failsafe-3.3.2.jar:/Users/knakka/.m2/repository/org/seleniumhq/selenium/selenium-ie-driver/4.14.0/selenium-ie-driver-4.14.0.jar:/Users/knakka/.m2/repository/org/seleniumhq/selenium/selenium-remote-driver/4.14.0/selenium-remote-driver-4.14.0.jar:/Users/knakka/.m2/repository/io/opentelemetry/opentelemetry-api/1.28.0/opentelemetry-api-1.28.0.jar:/Users/knakka/.m2/repository/io/opentelemetry/opentelemetry-context/1.28.0/opentelemetry-context-1.28.0.jar:/Users/knakka/.m2/repository/io/opentelemetry/opentelemetry-exporter-logging/1.28.0/opentelemetry-exporter-logging-1.28.0.jar:/Users/knakka/.m2/repository/io/opentelemetry/opentelemetry-sdk-metrics/1.28.0/opentelemetry-sdk-metrics-1.28.0.jar:/Users/knakka/.m2/repository/io/opentelemetry/opentelemetry-extension-incubator/1.28.0-alpha/opentelemetry-extension-incubator-1.28.0-alpha.jar:/Users/knakka/.m2/repository/io/opentelemetry/opentelemetry-sdk-logs/1.28.0/opentelemetry-sdk-logs-1.28.0.jar:/Users/knakka/.m2/repository/io/opentelemetry/opentelemetry-sdk-common/1.28.0/opentelemetry-sdk-common-1.28.0.jar:/Users/knakka/.m2/repository/io/opentelemetry/opentelemetry-sdk-extension-autoconfigure-spi/1.28.0/opentelemetry-sdk-extension-autoconfigure-spi-1.28.0.jar:/Users/knakka/.m2/repository/io/opentelemetry/opentelemetry-sdk-extension-autoconfigure/1.28.0/opentelemetry-sdk-extension-autoconfigure-1.28.0.jar:/Users/knakka/.m2/repository/io/opentelemetry/opentelemetry-api-events/1.28.0-alpha/opentelemetry-api-events-1.28.0-alpha.jar:/Users/knakka/.m2/repository/io/opentelemetry/opentelemetry-sdk-trace/1.28.0/opentelemetry-sdk-trace-1.28.0.jar:/Users/knakka/.m2/repository/io/opentelemetry/opentelemetry-sdk/1.28.0/opentelemetry-sdk-1.28.0.jar:/Users/knakka/.m2/repository/io/opentelemetry/opentelemetry-semconv/1.28.0-alpha/opentelemetry-semconv-1.28.0-alpha.jar:/Users/knakka/.m2/repository/net/bytebuddy/byte-buddy/1.14.5/byte-buddy-1.14.5.jar:/Users/knakka/.m2/repository/org/seleniumhq/selenium/selenium-os/4.14.0/selenium-os-4.14.0.jar:/Users/knakka/.m2/repository/org/apache/commons/commons-exec/1.3/commons-exec-1.3.jar:/Users/knakka/.m2/repository/org/seleniumhq/selenium/selenium-safari-driver/4.14.0/selenium-safari-driver-4.14.0.jar:/Users/knakka/.m2/repository/org/seleniumhq/selenium/selenium-support/4.14.0/selenium-support-4.14.0.jar:/Users/knakka/.m2/repository/org/seleniumhq/selenium/selenium-api/4.14.0/selenium-api-4.14.0.jar:/Users/knakka/.m2/repository/org/testng/testng/6.9.8/testng-6.9.8.jar:/Users/knakka/.m2/repository/org/beanshell/bsh/2.0b4/bsh-2.0b4.jar:/Users/knakka/.m2/repository/com/beust/jcommander/1.48/jcommander-1.48.jar:/Users/knakka/.m2/repository/com/aventstack/extentreports/5.1.1/extentreports-5.1.1.jar:/Users/knakka/.m2/repository/io/reactivex/rxjava3/rxjava/3.1.6/rxjava-3.1.6.jar:/Users/knakka/.m2/repository/org/reactivestreams/reactive-streams/1.0.4/reactive-streams-1.0.4.jar:/Users/knakka/.m2/repository/org/freemarker/freemarker/2.3.32/freemarker-2.3.32.jar:/Users/knakka/.m2/repository/org/projectlombok/lombok/1.18.26/lombok-1.18.26.jar:/Users/knakka/.m2/repository/com/google/code/gson/gson/2.10.1/gson-2.10.1.jar:/Users/knakka/.m2/repository/io/rest-assured/rest-assured/5.4.0/rest-assured-5.4.0.jar:/Users/knakka/.m2/repository/org/apache/groovy/groovy/4.0.16/groovy-4.0.16.jar:/Users/knakka/.m2/repository/org/apache/groovy/groovy-xml/4.0.16/groovy-xml-4.0.16.jar:/Users/knakka/.m2/repository/org/apache/httpcomponents/httpclient/4.5.13/httpclient-4.5.13.jar:/Users/knakka/.m2/repository/org/apache/httpcomponents/httpcore/4.4.13/httpcore-4.4.13.jar:/Users/knakka/.m2/repository/commons-logging/commons-logging/1.2/commons-logging-1.2.jar:/Users/knakka/.m2/repository/commons-codec/commons-codec/1.11/commons-codec-1.11.jar:/Users/knakka/.m2/repository/org/apache/httpcomponents/httpmime/4.5.13/httpmime-4.5.13.jar:/Users/knakka/.m2/repository/org/hamcrest/hamcrest/2.2/hamcrest-2.2.jar:/Users/knakka/.m2/repository/org/ccil/cowan/tagsoup/tagsoup/1.2.1/tagsoup-1.2.1.jar:/Users/knakka/.m2/repository/io/rest-assured/json-path/5.4.0/json-path-5.4.0.jar:/Users/knakka/.m2/repository/org/apache/groovy/groovy-json/4.0.16/groovy-json-4.0.16.jar:/Users/knakka/.m2/repository/io/rest-assured/rest-assured-common/5.4.0/rest-assured-common-5.4.0.jar:/Users/knakka/.m2/repository/io/rest-assured/xml-path/5.4.0/xml-path-5.4.0.jar:/Users/knakka/.m2/repository/org/apache/commons/commons-lang3/3.11/commons-lang3-3.11.jar:/Users/knakka/.m2/repository/org/json/json/20231013/json-20231013.jar:/Users/knakka/.m2/repository/com/mysql/mysql-connector-j/8.0.33/mysql-connector-j-8.0.33.jar:/Users/knakka/.m2/repository/com/google/protobuf/protobuf-java/3.21.9/protobuf-java-3.21.9.jar:"/>
    <property name="java.vm.vendor" value="Homebrew"/>
    <property name="sun.arch.data.model" value="64"/>
    <property name="java.vendor.url" value="https://github.com/Homebrew/homebrew-core/issues"/>
    <property name="user.timezone" value="Asia/Kolkata"/>
    <property name="os.name" value="Mac OS X"/>
    <property name="java.vm.specification.version" value="21"/>
    <property name="sun.java.launcher" value="SUN_STANDARD"/>
    <property name="user.country" value="IN"/>
    <property name="sun.boot.library.path" value="/opt/homebrew/Cellar/openjdk/21.0.1/libexec/openjdk.jdk/Contents/Home/lib"/>
    <property name="sun.java.command" value="/Users/knakka/eclipse-workspace/FlyAway_Maven/target/surefire/surefirebooter-20240123130840178_3.jar /Users/knakka/eclipse-workspace/FlyAway_Maven/target/surefire 2024-01-23T13-08-40_132-jvmRun1 surefire-20240123130840178_1tmp surefire_0-20240123130840178_2tmp"/>
    <property name="jdk.debug" value="release"/>
    <property name="surefire.test.class.path" value="/Users/knakka/eclipse-workspace/FlyAway_Maven/target/test-classes:/Users/knakka/eclipse-workspace/FlyAway_Maven/target/classes:/Users/knakka/.m2/repository/org/seleniumhq/selenium/selenium-java/4.14.0/selenium-java-4.14.0.jar:/Users/knakka/.m2/repository/org/seleniumhq/selenium/selenium-chrome-driver/4.14.0/selenium-chrome-driver-4.14.0.jar:/Users/knakka/.m2/repository/com/google/auto/service/auto-service-annotations/1.1.1/auto-service-annotations-1.1.1.jar:/Users/knakka/.m2/repository/com/google/guava/guava/32.1.2-jre/guava-32.1.2-jre.jar:/Users/knakka/.m2/repository/com/google/guava/failureaccess/1.0.1/failureaccess-1.0.1.jar:/Users/knakka/.m2/repository/com/google/guava/listenablefuture/9999.0-empty-to-avoid-conflict-with-guava/listenablefuture-9999.0-empty-to-avoid-conflict-with-guava.jar:/Users/knakka/.m2/repository/com/google/code/findbugs/jsr305/3.0.2/jsr305-3.0.2.jar:/Users/knakka/.m2/repository/org/checkerframework/checker-qual/3.33.0/checker-qual-3.33.0.jar:/Users/knakka/.m2/repository/com/google/errorprone/error_prone_annotations/2.18.0/error_prone_annotations-2.18.0.jar:/Users/knakka/.m2/repository/com/google/j2objc/j2objc-annotations/2.8/j2objc-annotations-2.8.jar:/Users/knakka/.m2/repository/org/seleniumhq/selenium/selenium-chromium-driver/4.14.0/selenium-chromium-driver-4.14.0.jar:/Users/knakka/.m2/repository/org/seleniumhq/selenium/selenium-json/4.14.0/selenium-json-4.14.0.jar:/Users/knakka/.m2/repository/org/seleniumhq/selenium/selenium-manager/4.14.0/selenium-manager-4.14.0.jar:/Users/knakka/.m2/repository/org/seleniumhq/selenium/selenium-devtools-v116/4.14.0/selenium-devtools-v116-4.14.0.jar:/Users/knakka/.m2/repository/org/seleniumhq/selenium/selenium-devtools-v117/4.14.0/selenium-devtools-v117-4.14.0.jar:/Users/knakka/.m2/repository/org/seleniumhq/selenium/selenium-devtools-v118/4.14.0/selenium-devtools-v118-4.14.0.jar:/Users/knakka/.m2/repository/org/seleniumhq/selenium/selenium-devtools-v85/4.14.0/selenium-devtools-v85-4.14.0.jar:/Users/knakka/.m2/repository/org/seleniumhq/selenium/selenium-edge-driver/4.14.0/selenium-edge-driver-4.14.0.jar:/Users/knakka/.m2/repository/org/seleniumhq/selenium/selenium-firefox-driver/4.14.0/selenium-firefox-driver-4.14.0.jar:/Users/knakka/.m2/repository/org/seleniumhq/selenium/selenium-http/4.14.0/selenium-http-4.14.0.jar:/Users/knakka/.m2/repository/dev/failsafe/failsafe/3.3.2/failsafe-3.3.2.jar:/Users/knakka/.m2/repository/org/seleniumhq/selenium/selenium-ie-driver/4.14.0/selenium-ie-driver-4.14.0.jar:/Users/knakka/.m2/repository/org/seleniumhq/selenium/selenium-remote-driver/4.14.0/selenium-remote-driver-4.14.0.jar:/Users/knakka/.m2/repository/io/opentelemetry/opentelemetry-api/1.28.0/opentelemetry-api-1.28.0.jar:/Users/knakka/.m2/repository/io/opentelemetry/opentelemetry-context/1.28.0/opentelemetry-context-1.28.0.jar:/Users/knakka/.m2/repository/io/opentelemetry/opentelemetry-exporter-logging/1.28.0/opentelemetry-exporter-logging-1.28.0.jar:/Users/knakka/.m2/repository/io/opentelemetry/opentelemetry-sdk-metrics/1.28.0/opentelemetry-sdk-metrics-1.28.0.jar:/Users/knakka/.m2/repository/io/opentelemetry/opentelemetry-extension-incubator/1.28.0-alpha/opentelemetry-extension-incubator-1.28.0-alpha.jar:/Users/knakka/.m2/repository/io/opentelemetry/opentelemetry-sdk-logs/1.28.0/opentelemetry-sdk-logs-1.28.0.jar:/Users/knakka/.m2/repository/io/opentelemetry/opentelemetry-sdk-common/1.28.0/opentelemetry-sdk-common-1.28.0.jar:/Users/knakka/.m2/repository/io/opentelemetry/opentelemetry-sdk-extension-autoconfigure-spi/1.28.0/opentelemetry-sdk-extension-autoconfigure-spi-1.28.0.jar:/Users/knakka/.m2/repository/io/opentelemetry/opentelemetry-sdk-extension-autoconfigure/1.28.0/opentelemetry-sdk-extension-autoconfigure-1.28.0.jar:/Users/knakka/.m2/repository/io/opentelemetry/opentelemetry-api-events/1.28.0-alpha/opentelemetry-api-events-1.28.0-alpha.jar:/Users/knakka/.m2/repository/io/opentelemetry/opentelemetry-sdk-trace/1.28.0/opentelemetry-sdk-trace-1.28.0.jar:/Users/knakka/.m2/repository/io/opentelemetry/opentelemetry-sdk/1.28.0/opentelemetry-sdk-1.28.0.jar:/Users/knakka/.m2/repository/io/opentelemetry/opentelemetry-semconv/1.28.0-alpha/opentelemetry-semconv-1.28.0-alpha.jar:/Users/knakka/.m2/repository/net/bytebuddy/byte-buddy/1.14.5/byte-buddy-1.14.5.jar:/Users/knakka/.m2/repository/org/seleniumhq/selenium/selenium-os/4.14.0/selenium-os-4.14.0.jar:/Users/knakka/.m2/repository/org/apache/commons/commons-exec/1.3/commons-exec-1.3.jar:/Users/knakka/.m2/repository/org/seleniumhq/selenium/selenium-safari-driver/4.14.0/selenium-safari-driver-4.14.0.jar:/Users/knakka/.m2/repository/org/seleniumhq/selenium/selenium-support/4.14.0/selenium-support-4.14.0.jar:/Users/knakka/.m2/repository/org/seleniumhq/selenium/selenium-api/4.14.0/selenium-api-4.14.0.jar:/Users/knakka/.m2/repository/org/testng/testng/6.9.8/testng-6.9.8.jar:/Users/knakka/.m2/repository/org/beanshell/bsh/2.0b4/bsh-2.0b4.jar:/Users/knakka/.m2/repository/com/beust/jcommander/1.48/jcommander-1.48.jar:/Users/knakka/.m2/repository/com/aventstack/extentreports/5.1.1/extentreports-5.1.1.jar:/Users/knakka/.m2/repository/io/reactivex/rxjava3/rxjava/3.1.6/rxjava-3.1.6.jar:/Users/knakka/.m2/repository/org/reactivestreams/reactive-streams/1.0.4/reactive-streams-1.0.4.jar:/Users/knakka/.m2/repository/org/freemarker/freemarker/2.3.32/freemarker-2.3.32.jar:/Users/knakka/.m2/repository/org/projectlombok/lombok/1.18.26/lombok-1.18.26.jar:/Users/knakka/.m2/repository/com/google/code/gson/gson/2.10.1/gson-2.10.1.jar:/Users/knakka/.m2/repository/io/rest-assured/rest-assured/5.4.0/rest-assured-5.4.0.jar:/Users/knakka/.m2/repository/org/apache/groovy/groovy/4.0.16/groovy-4.0.16.jar:/Users/knakka/.m2/repository/org/apache/groovy/groovy-xml/4.0.16/groovy-xml-4.0.16.jar:/Users/knakka/.m2/repository/org/apache/httpcomponents/httpclient/4.5.13/httpclient-4.5.13.jar:/Users/knakka/.m2/repository/org/apache/httpcomponents/httpcore/4.4.13/httpcore-4.4.13.jar:/Users/knakka/.m2/repository/commons-logging/commons-logging/1.2/commons-logging-1.2.jar:/Users/knakka/.m2/repository/commons-codec/commons-codec/1.11/commons-codec-1.11.jar:/Users/knakka/.m2/repository/org/apache/httpcomponents/httpmime/4.5.13/httpmime-4.5.13.jar:/Users/knakka/.m2/repository/org/hamcrest/hamcrest/2.2/hamcrest-2.2.jar:/Users/knakka/.m2/repository/org/ccil/cowan/tagsoup/tagsoup/1.2.1/tagsoup-1.2.1.jar:/Users/knakka/.m2/repository/io/rest-assured/json-path/5.4.0/json-path-5.4.0.jar:/Users/knakka/.m2/repository/org/apache/groovy/groovy-json/4.0.16/groovy-json-4.0.16.jar:/Users/knakka/.m2/repository/io/rest-assured/rest-assured-common/5.4.0/rest-assured-common-5.4.0.jar:/Users/knakka/.m2/repository/io/rest-assured/xml-path/5.4.0/xml-path-5.4.0.jar:/Users/knakka/.m2/repository/org/apache/commons/commons-lang3/3.11/commons-lang3-3.11.jar:/Users/knakka/.m2/repository/org/json/json/20231013/json-20231013.jar:/Users/knakka/.m2/repository/com/mysql/mysql-connector-j/8.0.33/mysql-connector-j-8.0.33.jar:/Users/knakka/.m2/repository/com/google/protobuf/protobuf-java/3.21.9/protobuf-java-3.21.9.jar:"/>
    <property name="sun.cpu.endian" value="little"/>
    <property name="user.home" value="/Users/knakka"/>
    <property name="user.language" value="en"/>
    <property name="java.specification.vendor" value="Oracle Corporation"/>
    <property name="java.version.date" value="2023-10-17"/>
    <property name="java.home" value="/opt/homebrew/Cellar/openjdk/21.0.1/libexec/openjdk.jdk/Contents/Home"/>
    <property name="file.separator" value="/"/>
    <property name="basedir" value="/Users/knakka/eclipse-workspace/FlyAway_Maven"/>
    <property name="java.vm.compressedOopsMode" value="Zero based"/>
    <property name="line.separator" value="&#10;"/>
    <property name="java.vm.specification.vendor" value="Oracle Corporation"/>
    <property name="java.specification.name" value="Java Platform API Specification"/>
    <property name="apple.awt.application.name" value="ForkedBooter"/>
    <property name="surefire.real.class.path" value="/Users/knakka/eclipse-workspace/FlyAway_Maven/target/surefire/surefirebooter-20240123130840178_3.jar"/>
    <property name="sun.management.compiler" value="HotSpot 64-Bit Tiered Compilers"/>
    <property name="java.runtime.version" value="21.0.1"/>
    <property name="user.name" value="knakka"/>
    <property name="stdout.encoding" value="UTF-8"/>
    <property name="path.separator" value=":"/>
    <property name="os.version" value="14.2"/>
    <property name="java.runtime.name" value="OpenJDK Runtime Environment"/>
    <property name="file.encoding" value="UTF-8"/>
    <property name="java.vm.name" value="OpenJDK 64-Bit Server VM"/>
    <property name="java.vendor.version" value="Homebrew"/>
    <property name="localRepository" value="/Users/knakka/.m2/repository"/>
    <property name="java.vendor.url.bug" value="https://github.com/Homebrew/homebrew-core/issues"/>
    <property name="java.io.tmpdir" value="/var/folders/62/h1w922k57h1f1jbt98n3qhz00000gn/T/"/>
    <property name="java.version" value="21.0.1"/>
    <property name="user.dir" value="/Users/knakka/eclipse-workspace/FlyAway_Maven"/>
    <property name="os.arch" value="aarch64"/>
    <property name="java.vm.specification.name" value="Java Virtual Machine Specification"/>
    <property name="native.encoding" value="UTF-8"/>
    <property name="java.library.path" value="/Users/knakka/Library/Java/Extensions:/Library/Java/Extensions:/Network/Library/Java/Extensions:/System/Library/Java/Extensions:/usr/lib/java:."/>
    <property name="java.vm.info" value="mixed mode, sharing"/>
    <property name="stderr.encoding" value="UTF-8"/>
    <property name="java.vendor" value="Homebrew"/>
    <property name="java.vm.version" value="21.0.1"/>
    <property name="sun.io.unicode.encoding" value="UnicodeBig"/>
    <property name="java.class.version" value="65.0"/>
  </properties>
  <testcase name="registerByRestAssuredAPI[fedup@life, 12345, 12345, vamsi, Andhra pradesh, Anantapur](1)" classname="com.restApi.TestApis" time="0.497">
    <system-out><![CDATA[Started execution for : Surefire test
---------------------------------

before class----
Fly Away
execution for test started : registerByRestAssuredAPI
Test passed : registerByRestAssuredAPI
---------------------------------
]]></system-out>
    <system-err><![CDATA[Jan 23, 2024 1:08:41 PM org.openqa.selenium.devtools.CdpVersionFinder findNearestMatch
WARNING: Unable to find an exact match for CDP version 120, returning the closest version; found: 118; Please update to a Selenium version that supports CDP version 120
]]></system-err>
  </testcase>
  <testcase name="loginCheckUI[fedup@life, 12345, 12345, vamsi, Andhra pradesh, Anantapur](1)" classname="com.restApi.TestApis" time="0.227">
    <system-out><![CDATA[execution for test started : loginCheckUI
Login - Successful
Test passed : loginCheckUI
---------------------------------
]]></system-out>
  </testcase>
  <testcase name="dbCheck[fedup@life, 12345, 12345, vamsi, Andhra pradesh, Anantapur](1)" classname="com.restApi.TestApis" time="0.153">
    <system-out><![CDATA[execution for test started : dbCheck
 -- Name : vamsi-- Email:  fedup@life
Test passed : dbCheck
---------------------------------
]]></system-out>
  </testcase>
  <testcase name="loginByRestAssuredAPI" classname="com.restApi.TestApis" time="0.039">
    <system-out><![CDATA[execution for test started : loginByRestAssuredAPI
Test passed : loginByRestAssuredAPI
---------------------------------
]]></system-out>
  </testcase>
  <testcase name="getFLightsOnGivenDate" classname="com.restApi.TestApis" time="0.027">
    <system-out><![CDATA[execution for test started : getFLightsOnGivenDate

    
     

<!DOCTYPE html>
<html>
<head>
<meta charset="UTF-8">
<title>Fly Away </title>
</head>
<body>

<h3> FLYAWAY HOMEPAGE </h3>

    
     


<a href="home">Home</a> | 

	<a href="dashboard">Dashboard</a> |
	<a href="editprofile">Edit Profile</a> | 
	<a href="memberbookings">Your Bookings</a> | 
	<a href="logout">Logout</a>




 
<br><br>



<form>
<table border=0 cellspacing=2 cellpadding=4>
	<tr>
		<td width="35%">
		 From<br>
		 <select name=source>
		 	<option value="0">Select Source</option>
		 	<option value=7>Ahmedabad</option><option value=12>Anantapur</option><option value=1>Bangalore</option><option value=4>Chennai</option><option value=11>Hyderabad</option><option value=6>Kolkatta</option><option value=2>Mumbai</option><option value=3>New Delhi</option><option value=10>tomato</option>
		 </select>
		</td>
		<td width="35%">
		 To<br>
		 <select name=destination>
		 	<option value="0">Select Destination</option>
		 	<option value=7>Ahmedabad</option><option value=12>Anantapur</option><option value=1>Bangalore</option><option value=4>Chennai</option><option value=11>Hyderabad</option><option value=6>Kolkatta</option><option value=2>Mumbai</option><option value=3>New Delhi</option><option value=10>tomato</option>
		 </select>
		</td>
		<td>
			<button>Submit</button>
		</td>
	</tr>
</table>
</form>
<br>
<table border=1 cellspacing=2 cellpadding=4>
 	<tr>
 		<td><b>Source</b></td>
 		<td><b>Destination</b></td>
 		<td><b>Airline</b></td>
 		<td><b>Duration</b></td>
 		<td><b>Cost</b></td>
 		<td>&nbsp;</td>
 	</tr>
 	
 	  	<tr>
	 		<td>Bangalore</td>
	 		<td>Chennai</td>
	 		<td>AirAsia</td>
	 		<td>Dep.8 pm Arr.9.30pm (1.30 hours)</td>
 			<td>4500.00</td>
 	  		<td>
 	  			<a href="bookflight?id=3">Book Flight</a>
 	  		</td>
 	  	</tr>
 	  
 	  	<tr>
	 		<td>Bangalore</td>
	 		<td>Hyderabad</td>
	 		<td>Vistara</td>
	 		<td>Dep.8 AM Arr.10:30 AMx (2.5 HOURS)</td>
 			<td>2500.00</td>
 	  		<td>
 	  			<a href="bookflight?id=7">Book Flight</a>
 	  		</td>
 	  	</tr>
 	  
 	
 	</table>

<hr>
(C) FlyAway 2019
</body>
</html>
Test passed : getFLightsOnGivenDate
---------------------------------
]]></system-out>
  </testcase>
  <testcase name="getBookedFlights" classname="com.restApi.TestApis" time="0.016">
    <system-out><![CDATA[execution for test started : getBookedFlights
200

    
     

<!DOCTYPE html>
<html>
<head>
<meta charset="UTF-8">
<title>Fly Away - Your Bookings</title>
</head>
<body>

<h3> FLYAWAY - YOUR BOOKINGS </h3>

    
     


<a href="home">Home</a> | 

	<a href="dashboard">Dashboard</a> |
	<a href="editprofile">Edit Profile</a> | 
	<a href="memberbookings">Your Bookings</a> | 
	<a href="logout">Logout</a>




 
<br><br>

<br><br>Total 2 bookings<br>

<table border=1 cellspacing=2 cellpadding=4>
 		<tr>
 		<td><b>Date Of Booking</b></td>
 		<td><b>Source</b></td>
 		<td><b>Destination</b></td>
 		<td><b>Airline</b></td>
 		<td><b>Cost</b></td>
 	</tr>
	
 	  	<tr>
	 		<td>2024-01-21 10:02:56.0</td>
	 		<td>Bangalore</td>
	 		<td>Hyderabad</td>
	 		<td>Dep.8 AM Arr.10:30 AMx (2.5 HOURS)</td>
 			<td>2500.00</td>
 	  	</tr>
 	  
 	  	<tr>
	 		<td>2024-01-21 10:02:51.0</td>
	 		<td>Bangalore</td>
	 		<td>Chennai</td>
	 		<td>Dep.8 pm Arr.9.30pm (1.30 hours)</td>
 			<td>4500.00</td>
 	  	</tr>
 	   	
</table> 		

<br>
<hr>
(C) FlyAway 2019
</body>
</html>
Test passed : getBookedFlights
---------------------------------
]]></system-out>
  </testcase>
  <testcase name="register" classname="com.testLib.NewTestFlyAway" time="3.379">
    <system-out><![CDATA[
After class --> Driver Closed

before class----
started web driver

execution for test started : register
User already exsists !!!
Test passed : register
---------------------------------
]]></system-out>
    <system-err><![CDATA[Jan 23, 2024 1:08:44 PM org.openqa.selenium.devtools.CdpVersionFinder findNearestMatch
WARNING: Unable to find an exact match for CDP version 120, returning the closest version; found: 118; Please update to a Selenium version that supports CDP version 120
]]></system-err>
  </testcase>
  <testcase name="login" classname="com.testLib.NewTestFlyAway" time="0.182">
    <system-out><![CDATA[execution for test started : login
Login - Successful
Test passed : login
---------------------------------
]]></system-out>
  </testcase>
  <testcase name="searchFlight" classname="com.testLib.NewTestFlyAway" time="0.208">
    <system-out><![CDATA[execution for test started : searchFlight
Flights Available
Test passed : searchFlight
---------------------------------
]]></system-out>
  </testcase>
  <testcase name="bookFlight" classname="com.testLib.NewTestFlyAway" time="0.131">
    <system-out><![CDATA[execution for test started : bookFlight
Booked Successfully !!! 
Test passed : bookFlight
---------------------------------
]]></system-out>
  </testcase>
</testsuite>