<?xml version="1.0" encoding="UTF-8"?>
<!-- Generated by org.testng.reporters.JUnitReportReporter -->
<testsuite hostname="KNAKKA-M-2L1J" failures="0" tests="6" name="com.restApi.TestApis" time="0.901" errors="0" timestamp="2024-01-23T11:57:44 IST" skipped="0">
  <testcase classname="com.restApi.TestApis" name="registerByRestAssuredAPI" time="0.451"/>
  <system-out/>
  <testcase classname="com.restApi.TestApis" name="loginCheckUI" time="0.231"/>
  <system-out/>
  <testcase classname="com.restApi.TestApis" name="dbCheck" time="0.143"/>
  <system-out/>
  <testcase classname="com.restApi.TestApis" name="loginByRestAssuredAPI" time="0.038"/>
  <system-out/>
  <testcase classname="com.restApi.TestApis" name="getFLightsOnGivenDate" time="0.026"/>
  <system-out/>
  <testcase classname="com.restApi.TestApis" name="getBookedFlights" time="0.012"/>
  <system-out/>
</testsuite> <!-- com.restApi.TestApis -->
