<?xml version="1.0" encoding="UTF-8"?>
<!-- Generated by org.testng.reporters.JUnitReportReporter -->
<testsuite hostname="KNAKKA-M-2L1J" failures="0" tests="4" name="com.testLib.NewTestFlyAway" time="4.200" errors="0" timestamp="2024-01-22T20:24:37 IST" skipped="0">
  <testcase classname="com.testLib.NewTestFlyAway" name="register" time="3.641"/>
  <system-out/>
  <testcase classname="com.testLib.NewTestFlyAway" name="login" time="0.197"/>
  <system-out/>
  <testcase classname="com.testLib.NewTestFlyAway" name="searchFlight" time="0.248"/>
  <system-out/>
  <testcase classname="com.testLib.NewTestFlyAway" name="bookFlight" time="0.114"/>
  <system-out/>
</testsuite> <!-- com.testLib.NewTestFlyAway -->
