<?xml version="1.0" encoding="UTF-8"?>
<!-- Generated by org.testng.reporters.JUnitReportReporter -->
<testsuite hostname="KNAKKA-M-2L1J" failures="0" tests="4" name="com.testLib.NewTestFlyAway" time="3.901" errors="0" timestamp="23 Jan 2024 07:38:49 GMT">
  <testcase classname="com.testLib.NewTestFlyAway" name="login" time="0.182"/>
  <testcase classname="com.testLib.NewTestFlyAway" name="searchFlight" time="0.209"/>
  <testcase classname="com.testLib.NewTestFlyAway" name="register" time="3.378"/>
  <testcase classname="com.testLib.NewTestFlyAway" name="bookFlight" time="0.132"/>
</testsuite> <!-- com.testLib.NewTestFlyAway -->
