<?xml version="1.0" encoding="UTF-8"?>
<!-- Generated by org.testng.reporters.JUnitReportReporter -->
<testsuite hostname="KNAKKA-M-2L1J" failures="0" tests="6" name="com.restApi.TestApis" time="0.962" errors="0" timestamp="23 Jan 2024 07:38:49 GMT">
  <testcase classname="com.restApi.TestApis" name="getBookedFlights" time="0.015"/>
  <testcase classname="com.restApi.TestApis" name="registerByRestAssuredAPI" time="0.498"/>
  <testcase classname="com.restApi.TestApis" name="loginByRestAssuredAPI" time="0.040"/>
  <testcase classname="com.restApi.TestApis" name="getFLightsOnGivenDate" time="0.027"/>
  <testcase classname="com.restApi.TestApis" name="loginCheckUI" time="0.229"/>
  <testcase classname="com.restApi.TestApis" name="dbCheck" time="0.153"/>
</testsuite> <!-- com.restApi.TestApis -->
